SCP Virtual Bus Driver Installer 1.0.0.103 [10/8/2014 11:39:35 PM]

Detected - Microsoft Windows 81 Pro (6.2.9200.0 AMD64)
Selected DEFAULT configuration.


SCP Virtual Bus Driver Installer 1.0.0.103 [11/2/2015 11:10:26 PM]

Detected - Microsoft Windows 10 Pro (6.2.9200.0 AMD64)
Selected DEFAULT configuration.


SCP Virtual Bus Driver Installer 1.0.0.103 [11/2/2015 11:14:12 PM]

Detected - Microsoft Windows 10 Pro (6.2.9200.0 AMD64)
Selected DEFAULT configuration.

SUCCESS - Virtual Bus Created
INFO    - ENTER:  DriverPackageInstallW
INFO    - Looking for Model Section [SCProductions.NTamd64]...
INFO    - Installing INF file 'C:\Users\stent\Downloads\XOutput.v0.1\ScpDriver\System\ScpVBus.inf' (Plug and Play).
INFO    - Looking for Model Section [SCProductions.NTamd64]...
INFO    - Installing devices with Id "root\ScpVBus" using INF "C:\Windows\System32\DriverStore\FileRepository\scpvbus.inf_amd64_21ca245c0e23d7a5\ScpVBus.inf".
INFO    - ENTER UpdateDriverForPlugAndPlayDevices...
SUCCESS - RETURN UpdateDriverForPlugAndPlayDevices.
INFO    - Installation was successful.
SUCCESS - Install completed
INFO    - RETURN: DriverPackageInstallW  (0x0)

Install Succeeded.

-- Install Summary --
Bus Device
Bus Driver



SCP Virtual Bus Driver Installer 1.0.0.103 [26/05/2016 19:59:47]

Detected - Microsoft Windows 10 Pro (6.2.9200.0 AMD64)
Selected DEFAULT configuration.


SCP Virtual Bus Driver Installer 1.0.0.103 [26/05/2016 19:59:47]

Detected - Microsoft Windows 10 Pro (6.2.9200.0 AMD64)
Selected DEFAULT configuration.

SUCCESS - Virtual Bus Created
INFO    - ENTER:  DriverPackageInstallW
INFO    - Looking for Model Section [SCProductions.NTamd64]...
INFO    - Installing INF file 'E:\XOutput.v0.11\ScpDriver\System\ScpVBus.inf' (Plug and Play).
INFO    - Looking for Model Section [SCProductions.NTamd64]...
INFO    - Installing devices with Id "root\ScpVBus" using INF "C:\WINDOWS\System32\DriverStore\FileRepository\scpvbus.inf_amd64_21ca245c0e23d7a5\ScpVBus.inf".
INFO    - ENTER UpdateDriverForPlugAndPlayDevices...
SUCCESS - RETURN UpdateDriverForPlugAndPlayDevices.
INFO    - Installation was successful.
SUCCESS - Install completed
INFO    - RETURN: DriverPackageInstallW  (0x0)

Install Succeeded.

-- Install Summary --
Bus Device
Bus Driver



SCP Virtual Bus Driver Installer 1.0.0.103 [27/05/2016 10:09:22]

Detected - Microsoft Windows 10 Pro (6.2.9200.0 AMD64)
Selected DEFAULT configuration.

INFO    - ENTER:  DriverPackageInstallW
INFO    - Looking for Model Section [SCProductions.NTamd64]...
INFO    - RETURN: DriverPackageInstallW  (0x103)

Install Succeeded.

-- Install Summary --



SCP Virtual Bus Driver Installer 1.0.0.103 [24/11/2018 18:47:13]

Detected - Microsoft Windows 10 Professionnel (6.2.9200.0 AMD64)
Selected DEFAULT configuration.

SUCCESS - Virtual Bus Created
INFO    - ENTER:  DriverPackageInstallW
INFO    - Looking for Model Section [SCProductions.NTamd64]...
INFO    - Installing INF file 'C:\Users\GGG\Downloads\JoysTick\JoysTick\ScpDriver\System\ScpVBus.inf' (Plug and Play).
INFO    - Looking for Model Section [SCProductions.NTamd64]...
INFO    - Installing devices with Id "root\ScpVBus" using INF "C:\WINDOWS\System32\DriverStore\FileRepository\scpvbus.inf_amd64_21ca245c0e23d7a5\ScpVBus.inf".
INFO    - ENTER UpdateDriverForPlugAndPlayDevices...
SUCCESS - RETURN UpdateDriverForPlugAndPlayDevices.
INFO    - Installation was successful.
SUCCESS - Install completed
INFO    - RETURN: DriverPackageInstallW  (0x0)

Install Succeeded.

-- Install Summary --
Bus Device
Bus Driver



